[03.02.2024 16:48:36] [1111111111111111] --> [2222222222222222] [Сумма: 1] [Комиссия: 0] [УСПЕШНО] 
[03.02.2024 16:48:39] [1111111111111111] --> [2222222222222222] [Сумма: 1000] [Комиссия: 10] [УСПЕШНО] 
[03.02.2024 16:48:52] [1111111111111111] --> [2222222222222222] [Сумма: 50] [Комиссия: 0] [ОТКЛОНЕН] [Код подтверждения операции неверен.] 
[03.02.2024 16:48:56] [1111111111111111] --> [2222222222222222] [Сумма: 50] [Комиссия: 0] [УСПЕШНО] 
[03.02.2024 16:48:59] [1111111111111111] --> [2222222222222222] [Сумма: 50] [Комиссия: 0] [ОТКЛОНЕН] [На карте отправителя недостаточно средств для перевода.] 
[03.02.2024 16:49:00] [1111111111111111] --> [2222222222222222] [Сумма: 50] [Комиссия: 0] [ОТКЛОНЕН] [На карте отправителя недостаточно средств для перевода.] 
[03.02.2024 16:49:04] [11111111111111112] --> [2222222222222222] [Сумма: 50] [Комиссия: 0] [ОТКЛОНЕН] [Карта отправителя не найдена.] 
[03.02.2024 16:49:08] [1111111111111111] --> [22222222222222221] [Сумма: 50] [Комиссия: 0] [ОТКЛОНЕН] [Карта получателя не найдена.] 
[03.02.2024 16:49:11] [1111111111111111] --> [2222222222222222] [Сумма: 50] [Комиссия: 0] [ОТКЛОНЕН] [CVV код карты отправителя введен неверно.] 
[03.02.2024 16:49:15] [1111111111111111] --> [2222222222222222] [Сумма: 50] [Комиссия: 0] [ОТКЛОНЕН] [Срок действия карты отправителя введен неверно.] 
[03.02.2024 16:49:19] [1111111111111111] --> [2222222222222222] [Сумма: 50] [Комиссия: 0] [ОТКЛОНЕН] [На карте отправителя недостаточно средств для перевода.] 
[04.02.2024 16:12:23] [3333333333333333] --> [2222222222222222] [Сумма: 100] [Комиссия: 1] [ОТКЛОНЕН] [Карта отправителя не найдена.] 
[04.02.2024 16:15:32] [3333333333333333] --> [2222222222222222] [Сумма: 100] [Комиссия: 1] [ОТКЛОНЕН] [Карта отправителя не найдена.] 
[04.02.2024 16:17:27] [3333333333333333] --> [2222222222222222] [Сумма: 100] [Комиссия: 1] [ОТКЛОНЕН] [Карта отправителя не найдена.] 
[04.02.2024 16:17:27] [3333333333333333] --> [2222222222222222] [Сумма: 100] [Комиссия: 1] [ОТКЛОНЕН] [Карта отправителя не найдена.] 
[04.02.2024 16:18:01] [3333333333333333] --> [2222222222222222] [Сумма: 100] [Комиссия: 1] [ОТКЛОНЕН] [Карта отправителя не найдена.] 
[04.02.2024 16:18:01] [1111111111111111] --> [2222222222222222] [Сумма: 100] [Комиссия: 1] [ОТКЛОНЕН] [CVV код карты отправителя введен неверно.] 
[04.02.2024 16:25:49] [3333333333333333] --> [2222222222222222] [Сумма: 100] [Комиссия: 1] [ОТКЛОНЕН] [Карта отправителя не найдена.] 
[04.02.2024 16:25:49] [1111111111111111] --> [2222222222222222] [Сумма: 100] [Комиссия: 1] [ОТКЛОНЕН] [CVV код карты отправителя введен неверно.] 
[04.02.2024 16:25:49] [1111111111111111] --> [2222222222222222] [Сумма: 10000] [Комиссия: 100] [ОТКЛОНЕН] [На карте отправителя недостаточно средств для перевода.] 
[04.02.2024 16:29:18] [1111111111111111] --> [2222222222222222] [Сумма: 100] [Комиссия: 1] [УСПЕШНО] 
[04.02.2024 16:29:18] [3333333333333333] --> [2222222222222222] [Сумма: 100] [Комиссия: 1] [ОТКЛОНЕН] [Карта отправителя не найдена.] 
[04.02.2024 16:29:18] [1111111111111111] --> [2222222222222222] [Сумма: 100] [Комиссия: 1] [ОТКЛОНЕН] [CVV код карты отправителя введен неверно.] 
[04.02.2024 16:29:18] [1111111111111111] --> [2222222222222222] [Сумма: 10000] [Комиссия: 100] [ОТКЛОНЕН] [На карте отправителя недостаточно средств для перевода.] 
[04.02.2024 16:29:18] [ОТКЛОНЕН] [Операция не найдена.] 
[04.02.2024 16:29:18] [ОТКЛОНЕН] [Операция не найдена.] 
[04.02.2024 16:30:52] [1111111111111111] --> [2222222222222222] [Сумма: 100] [Комиссия: 1] [УСПЕШНО] 
[04.02.2024 16:30:52] [3333333333333333] --> [2222222222222222] [Сумма: 100] [Комиссия: 1] [ОТКЛОНЕН] [Карта отправителя не найдена.] 
[04.02.2024 16:30:52] [1111111111111111] --> [2222222222222222] [Сумма: 100] [Комиссия: 1] [ОТКЛОНЕН] [CVV код карты отправителя введен неверно.] 
[04.02.2024 16:30:52] [1111111111111111] --> [2222222222222222] [Сумма: 10000] [Комиссия: 100] [ОТКЛОНЕН] [На карте отправителя недостаточно средств для перевода.] 
[04.02.2024 16:30:52] [ОТКЛОНЕН] [Операция не найдена.] 
[04.02.2024 16:30:52] [ОТКЛОНЕН] [Операция не найдена.] 
[04.02.2024 16:32:03] [1111111111111111] --> [2222222222222222] [Сумма: 100] [Комиссия: 1] [УСПЕШНО] 
[04.02.2024 16:32:03] [3333333333333333] --> [2222222222222222] [Сумма: 100] [Комиссия: 1] [ОТКЛОНЕН] [Карта отправителя не найдена.] 
[04.02.2024 16:32:03] [1111111111111111] --> [2222222222222222] [Сумма: 100] [Комиссия: 1] [ОТКЛОНЕН] [CVV код карты отправителя введен неверно.] 
[04.02.2024 16:32:03] [1111111111111111] --> [2222222222222222] [Сумма: 10000] [Комиссия: 100] [ОТКЛОНЕН] [На карте отправителя недостаточно средств для перевода.] 
[04.02.2024 16:32:03] [ОТКЛОНЕН] [Операция не найдена.] 
[04.02.2024 16:32:03] [ОТКЛОНЕН] [Операция не найдена.] 
[04.02.2024 16:43:17] [1111111111111111] --> [2222222222222222] [Сумма: 100] [Комиссия: 1] [УСПЕШНО] 
[04.02.2024 16:43:17] [3333333333333333] --> [2222222222222222] [Сумма: 100] [Комиссия: 1] [ОТКЛОНЕН] [Карта отправителя не найдена.] 
[04.02.2024 16:43:17] [1111111111111111] --> [2222222222222222] [Сумма: 100] [Комиссия: 1] [ОТКЛОНЕН] [CVV код карты отправителя введен неверно.] 
[04.02.2024 16:43:17] [1111111111111111] --> [2222222222222222] [Сумма: 10000] [Комиссия: 100] [ОТКЛОНЕН] [На карте отправителя недостаточно средств для перевода.] 
[04.02.2024 16:43:17] [ОТКЛОНЕН] [Операция не найдена.] 
[04.02.2024 16:45:17] [1111111111111111] --> [2222222222222222] [Сумма: 100] [Комиссия: 1] [УСПЕШНО] 
[04.02.2024 16:45:17] [3333333333333333] --> [2222222222222222] [Сумма: 100] [Комиссия: 1] [ОТКЛОНЕН] [Карта отправителя не найдена.] 
[04.02.2024 16:45:17] [1111111111111111] --> [2222222222222222] [Сумма: 100] [Комиссия: 1] [ОТКЛОНЕН] [CVV код карты отправителя введен неверно.] 
[04.02.2024 16:45:17] [1111111111111111] --> [2222222222222222] [Сумма: 10000] [Комиссия: 100] [ОТКЛОНЕН] [На карте отправителя недостаточно средств для перевода.] 
[04.02.2024 16:45:17] [ОТКЛОНЕН] [Операция не найдена.] 
[04.02.2024 16:46:33] [1111111111111111] --> [2222222222222222] [Сумма: 100] [Комиссия: 1] [УСПЕШНО] 
[04.02.2024 16:46:33] [3333333333333333] --> [2222222222222222] [Сумма: 100] [Комиссия: 1] [ОТКЛОНЕН] [Карта отправителя не найдена.] 
[04.02.2024 16:46:33] [1111111111111111] --> [2222222222222222] [Сумма: 100] [Комиссия: 1] [ОТКЛОНЕН] [CVV код карты отправителя введен неверно.] 
[04.02.2024 16:46:33] [1111111111111111] --> [2222222222222222] [Сумма: 10000] [Комиссия: 100] [ОТКЛОНЕН] [На карте отправителя недостаточно средств для перевода.] 
[04.02.2024 16:46:33] [ОТКЛОНЕН] [Операция не найдена.] 
